Performing C SOURCE FILE Test CMAKE_HAVE_LIBC_PTHREAD failed with the following output:
Change Dir: /tmp/tmp.kO63BEdZcm/cmake-build-release-raspbi/CMakeFiles/CMakeTmp

Run Build Command(s):/usr/bin/make cmTC_07db3/fast && /usr/bin/make  -f CMakeFiles/cmTC_07db3.dir/build.make CMakeFiles/cmTC_07db3.dir/build
make[1]: Entering directory '/tmp/tmp.kO63BEdZcm/cmake-build-release-raspbi/CMakeFiles/CMakeTmp'
Building C object CMakeFiles/cmTC_07db3.dir/src.c.o
/usr/bin/cc   -DCMAKE_HAVE_LIBC_PTHREAD   -o CMakeFiles/cmTC_07db3.dir/src.c.o   -c /tmp/tmp.kO63BEdZcm/cmake-build-release-raspbi/CMakeFiles/CMakeTmp/src.c
Linking C executable cmTC_07db3
/usr/local/bin/cmake -E cmake_link_script CMakeFiles/cmTC_07db3.dir/link.txt --verbose=1
/usr/bin/cc  -DCMAKE_HAVE_LIBC_PTHREAD    -rdynamic CMakeFiles/cmTC_07db3.dir/src.c.o  -o cmTC_07db3 
/usr/bin/ld: CMakeFiles/cmTC_07db3.dir/src.c.o: in function `main':
src.c:(.text+0x40): undefined reference to `pthread_create'
/usr/bin/ld: src.c:(.text+0x4c): undefined reference to `pthread_detach'
/usr/bin/ld: src.c:(.text+0x58): undefined reference to `pthread_cancel'
/usr/bin/ld: src.c:(.text+0x68): undefined reference to `pthread_join'
collect2: error: ld returned 1 exit status
make[1]: *** [CMakeFiles/cmTC_07db3.dir/build.make:107: cmTC_07db3] Error 1
make[1]: Leaving directory '/tmp/tmp.kO63BEdZcm/cmake-build-release-raspbi/CMakeFiles/CMakeTmp'
make: *** [Makefile:141: cmTC_07db3/fast] Error 2


Source file was:
#include <pthread.h>

void* test_func(void* data)
{
  return data;
}

int main(void)
{
  pthread_t thread;
  pthread_create(&thread, NULL, test_func, NULL);
  pthread_detach(thread);
  pthread_cancel(thread);
  pthread_join(thread, NULL);
  pthread_atfork(NULL, NULL, NULL);
  pthread_exit(NULL);

  return 0;
}

Determining if the function pthread_create exists in the pthreads failed with the following output:
Change Dir: /tmp/tmp.kO63BEdZcm/cmake-build-release-raspbi/CMakeFiles/CMakeTmp

Run Build Command(s):/usr/bin/make cmTC_18250/fast && /usr/bin/make  -f CMakeFiles/cmTC_18250.dir/build.make CMakeFiles/cmTC_18250.dir/build
make[1]: Entering directory '/tmp/tmp.kO63BEdZcm/cmake-build-release-raspbi/CMakeFiles/CMakeTmp'
Building C object CMakeFiles/cmTC_18250.dir/CheckFunctionExists.c.o
/usr/bin/cc   -DCHECK_FUNCTION_EXISTS=pthread_create   -o CMakeFiles/cmTC_18250.dir/CheckFunctionExists.c.o   -c /usr/local/share/cmake-3.17/Modules/CheckFunctionExists.c
Linking C executable cmTC_18250
/usr/local/bin/cmake -E cmake_link_script CMakeFiles/cmTC_18250.dir/link.txt --verbose=1
/usr/bin/cc  -DCHECK_FUNCTION_EXISTS=pthread_create    -rdynamic CMakeFiles/cmTC_18250.dir/CheckFunctionExists.c.o  -o cmTC_18250  -lpthreads 
/usr/bin/ld: cannot find -lpthreads
collect2: error: ld returned 1 exit status
make[1]: *** [CMakeFiles/cmTC_18250.dir/build.make:107: cmTC_18250] Error 1
make[1]: Leaving directory '/tmp/tmp.kO63BEdZcm/cmake-build-release-raspbi/CMakeFiles/CMakeTmp'
make: *** [Makefile:141: cmTC_18250/fast] Error 2



Performing C SOURCE FILE Test COMPILER_HAS_HIDDEN_INLINE_VISIBILITY failed with the following output:
Change Dir: /tmp/tmp.kO63BEdZcm/cmake-build-release-raspbi/CMakeFiles/CMakeTmp

Run Build Command(s):/usr/bin/make cmTC_69948/fast && /usr/bin/make  -f CMakeFiles/cmTC_69948.dir/build.make CMakeFiles/cmTC_69948.dir/build
make[1]: Entering directory '/tmp/tmp.kO63BEdZcm/cmake-build-release-raspbi/CMakeFiles/CMakeTmp'
Building C object CMakeFiles/cmTC_69948.dir/src.c.o
/usr/bin/cc   -DCOMPILER_HAS_HIDDEN_INLINE_VISIBILITY   -fvisibility-inlines-hidden -o CMakeFiles/cmTC_69948.dir/src.c.o   -c /tmp/tmp.kO63BEdZcm/cmake-build-release-raspbi/CMakeFiles/CMakeTmp/src.c
cc1: warning: command line option '-fvisibility-inlines-hidden' is valid for C++/ObjC++ but not for C
Linking C executable cmTC_69948
/usr/local/bin/cmake -E cmake_link_script CMakeFiles/cmTC_69948.dir/link.txt --verbose=1
/usr/bin/cc  -DCOMPILER_HAS_HIDDEN_INLINE_VISIBILITY    -rdynamic CMakeFiles/cmTC_69948.dir/src.c.o  -o cmTC_69948 
make[1]: Leaving directory '/tmp/tmp.kO63BEdZcm/cmake-build-release-raspbi/CMakeFiles/CMakeTmp'


Source file was:
int main(void) { return 0; }
